
IOSv - Cisco Systems Confidential -

Supplemental End User License Restrictions

This IOSv software is provided AS-IS without warranty of any kind. Under no circumstances may this software be used separate from the Cisco Modeling Labs Software that this software was provided with, or deployed or used as part of a production environment.

By using the software, you agree to abide by the terms and conditions of the Cisco End User License Agreement at http://www.********.com/go/eula. Unauthorized use or distribution of this software is expressly prohibited.

Switch2#
Switch2#terminal width 511
Switch2#terminal length 0
Switch2#
Switch2#
Switch2#
Switch2#configure terminal
Enter configuration commands, one per line.  End with CNTL/Z.
Switch2(config)#
Switch2(config)#vlan 80
Switch2(config-vlan)#name byu
Switch2(config-vlan)#exit
Switch2(config)#interface Gi1/2
Switch2(config-if)#switchport
Switch2(config-if)#switchport mode access
Switch2(config-if)#switchport access vlan 80
Switch2(config-if)#no shutdown
Switch2(config-if)#exit
Switch2(config)#
Switch2(config)#end
Switch2#
Switch2#
Switch2#write memory
Building configuration...
Compressed configuration from 3852 bytes to 2108 bytes[OK]
Switch2#
Switch2#exit
